0 info it worked if it ends with ok
1 verbose cli [ 'C:\\Program Files\\nodejs\\\\node.exe',
1 verbose cli   'C:\\Program Files\\nodejs\\node_modules\\npm\\bin\\npm-cli.js',
1 verbose cli   'install',
1 verbose cli   '--save',
1 verbose cli   'mongoose' ]
2 info using npm@2.7.4
3 info using node@v0.12.2
4 verbose node symlink C:\Program Files\nodejs\\node.exe
5 silly cache add args [ 'mongoose', null ]
6 verbose cache add spec mongoose
7 silly cache add parsed spec { raw: 'mongoose',
7 silly cache add   scope: null,
7 silly cache add   name: 'mongoose',
7 silly cache add   rawSpec: '',
7 silly cache add   spec: '*',
7 silly cache add   type: 'range' }
8 verbose addNamed mongoose@*
9 silly addNamed semver.valid null
10 silly addNamed semver.validRange *
11 silly addNameRange { name: 'mongoose', range: '*', hasData: false }
12 silly mapToRegistry name mongoose
13 silly mapToRegistry using default registry
14 silly mapToRegistry registry https://registry.npmjs.org/
15 silly mapToRegistry uri https://registry.npmjs.org/mongoose
16 verbose addNameRange registry:https://registry.npmjs.org/mongoose not in flight; fetching
17 verbose request uri https://registry.npmjs.org/mongoose
18 verbose request no auth needed
19 info attempt registry request try #1 at 18:40:39
20 verbose request id ca62a83d39089938
21 http request GET https://registry.npmjs.org/mongoose
22 info retry will retry, error on last attempt: Error: connect ETIMEDOUT
23 info attempt registry request try #2 at 18:41:22
24 http request GET https://registry.npmjs.org/mongoose
25 info retry will retry, error on last attempt: Error: connect ETIMEDOUT
26 info attempt registry request try #3 at 18:42:49
27 http request GET https://registry.npmjs.org/mongoose
28 verbose stack Error: connect ETIMEDOUT
28 verbose stack     at exports._errnoException (util.js:746:11)
28 verbose stack     at TCPConnectWrap.afterConnect [as oncomplete] (net.js:1000:19)
29 verbose cwd C:\Users\Montsesita\paw\reeditgam\site_p
30 error Windows_NT 6.2.9200
31 error argv "C:\\Program Files\\nodejs\\\\node.exe" "C:\\Program Files\\nodejs\\node_modules\\npm\\bin\\npm-cli.js" "install" "--save" "mongoose"
32 error node v0.12.2
33 error npm  v2.7.4
34 error code ETIMEDOUT
35 error errno ETIMEDOUT
36 error syscall connect
37 error network connect ETIMEDOUT
37 error network This is most likely not a problem with npm itself
37 error network and is related to network connectivity.
37 error network In most cases you are behind a proxy or have bad network settings.
37 error network
37 error network If you are behind a proxy, please make sure that the
37 error network 'proxy' config is set properly.  See: 'npm help config'
38 verbose exit [ 1, true ]
